<?xml version="1.0" encoding="UTF-8"?>
<!-- Generated by org.testng.reporters.JUnitReportReporter -->
<testsuite hostname="Fayaz" name="org.apache.atlas.seleniumtests.TagsPageTest" tests="4" failures="0" timestamp="30 Dec 2015 09:06:20 GMT" time="30.737" errors="0">
  <testcase name="testPageElementsFromTagsTab" time="10.242" classname="org.apache.atlas.seleniumtests.TagsPageTest"/>
  <testcase name="validateTagDefinition" time="4.108" classname="org.apache.atlas.seleniumtests.TagsPageTest"/>
  <testcase name="validateTagsPage" time="6.429" classname="org.apache.atlas.seleniumtests.TagsPageTest"/>
  <testcase name="addAttribute" time="9.958" classname="org.apache.atlas.seleniumtests.TagsPageTest"/>
</testsuite> <!-- org.apache.atlas.seleniumtests.TagsPageTest -->
